2016/07/01 09:26:34 INFO  - jmeter.util.JMeterUtils: Setting Locale to en_US 
2016/07/01 09:26:34 INFO  - jmeter.JMeter: Loading user properties from: /Users/garsenius/jmeter-projects/jmeter-demo/target/jmeter/bin/user.properties 
2016/07/01 09:26:34 INFO  - jmeter.JMeter: Loading system properties from: /Users/garsenius/jmeter-projects/jmeter-demo/target/jmeter/bin/system.properties 
2016/07/01 09:26:34 INFO  - jmeter.JMeter: Copyright (c) 1998-2012 The Apache Software Foundation 
2016/07/01 09:26:34 INFO  - jmeter.JMeter: Version 2.6 r1237317 
2016/07/01 09:26:34 INFO  - jmeter.JMeter: java.version=1.8.0_92 
2016/07/01 09:26:34 INFO  - jmeter.JMeter: java.vm.name=Java HotSpot(TM) 64-Bit Server VM 
2016/07/01 09:26:34 INFO  - jmeter.JMeter: os.name=Mac OS X 
2016/07/01 09:26:34 INFO  - jmeter.JMeter: os.arch=x86_64 
2016/07/01 09:26:34 INFO  - jmeter.JMeter: os.version=10.11.5 
2016/07/01 09:26:34 INFO  - jmeter.JMeter: file.encoding=UTF-8 
2016/07/01 09:26:34 INFO  - jmeter.JMeter: Default Locale=English (United States) 
2016/07/01 09:26:34 INFO  - jmeter.JMeter: JMeter  Locale=English (United States) 
2016/07/01 09:26:34 INFO  - jmeter.JMeter: JMeterHome=/Users/garsenius/jmeter-projects/jmeter-demo/target/jmeter 
2016/07/01 09:26:34 INFO  - jmeter.JMeter: user.dir  =/Users/garsenius/jmeter-projects/jmeter-demo/target/jmeter/bin 
2016/07/01 09:26:34 INFO  - jmeter.JMeter: PWD       =/Users/garsenius/jmeter-projects/jmeter-demo/target/jmeter/bin 
2016/07/01 09:26:35 INFO  - jmeter.JMeter: IP: 192.168.0.99 Name: Gio-MacBook-Pro.local FullName: 192.168.0.99 
2016/07/01 09:26:35 INFO  - jmeter.services.FileServer: Default base='/Users/garsenius/jmeter-projects/jmeter-demo/target/jmeter/bin' 
2016/07/01 09:26:35 INFO  - jmeter.services.FileServer: Set new base='/Users/garsenius/jmeter-projects/jmeter-demo/src/test/jmeter' 
2016/07/01 09:26:35 INFO  - jmeter.JMeter: Loading file: /Users/garsenius/jmeter-projects/jmeter-demo/src/test/jmeter/Google.jmx 
2016/07/01 09:26:35 INFO  - jmeter.save.SaveService: Testplan (JMX) version: 2.2. Testlog (JTL) version: 2.2 
2016/07/01 09:26:35 INFO  - jmeter.save.SaveService: Using SaveService properties file encoding UTF-8 
2016/07/01 09:26:35 INFO  - jmeter.save.SaveService: Using SaveService properties file version 1234216 
2016/07/01 09:26:35 INFO  - jmeter.save.SaveService: Using SaveService properties version 2.2 
2016/07/01 09:26:35 INFO  - jmeter.save.SaveService: All converter versions present and correct 
2016/07/01 09:26:35 INFO  - jmeter.protocol.http.sampler.HTTPSamplerBase: Cannot find .className property for htmlParser, using default 
2016/07/01 09:26:35 INFO  - jmeter.protocol.http.sampler.HTTPSamplerBase: Parser for text/html is  
2016/07/01 09:26:35 INFO  - jmeter.protocol.http.sampler.HTTPSamplerBase: Parser for application/xhtml+xml is  
2016/07/01 09:26:35 INFO  - jmeter.protocol.http.sampler.HTTPSamplerBase: Parser for application/xml is  
2016/07/01 09:26:35 INFO  - jmeter.protocol.http.sampler.HTTPSamplerBase: Parser for text/xml is  
2016/07/01 09:26:35 INFO  - jmeter.protocol.http.sampler.HTTPSamplerBase: Parser for text/vnd.wap.wml is org.apache.jmeter.protocol.http.parser.RegexpHTMLParser 
2016/07/01 09:26:35 INFO  - jmeter.protocol.http.sampler.HTTPSamplerBase: Reuse SSL session context on subsequent iterations: true 
2016/07/01 09:26:35 INFO  - jmeter.engine.StandardJMeterEngine: Running the test! 
2016/07/01 09:26:35 INFO  - jmeter.engine.util.CompoundVariable: Note: Function class names must contain the string: '.functions.' 
2016/07/01 09:26:35 INFO  - jmeter.engine.util.CompoundVariable: Note: Function class names must not contain the string: '.gui.' 
2016/07/01 09:26:35 INFO  - jmeter.JMeter: Running test (1467329195373) 
2016/07/01 09:26:35 INFO  - jmeter.engine.StandardJMeterEngine: Starting 20 threads for group Thread Group. 
2016/07/01 09:26:35 INFO  - jmeter.engine.StandardJMeterEngine: Thread will continue on error 
2016/07/01 09:26:35 INFO  - jmeter.threads.JMeterThread: jmeterthread.startearlier=true (see jmeter.properties) 
2016/07/01 09:26:35 INFO  - jmeter.threads.JMeterThread: Running PostProcessors in forward order 
2016/07/01 09:26:35 INFO  - jmeter.threads.JMeterThread: Thread started: Thread Group 1-1 
2016/07/01 09:26:35 INFO  - jmeter.engine.StandardJMeterEngine: All threads have been started 
2016/07/01 09:26:35 INFO  - jmeter.protocol.http.sampler.HTTPHCAbstractImpl: Local host = Gio-MacBook-Pro.local 
2016/07/01 09:26:35 INFO  - jmeter.protocol.http.sampler.HTTPHC3Impl: HTTP request retry count = 1 
2016/07/01 09:26:35 INFO  - jmeter.samplers.SampleResult: Note: Sample TimeStamps are START times 
2016/07/01 09:26:35 INFO  - jmeter.samplers.SampleResult: sampleresult.default.encoding is set to ISO-8859-1 
2016/07/01 09:26:35 INFO  - jmeter.samplers.SampleResult: sampleresult.useNanoTime=true 
2016/07/01 09:26:35 INFO  - jmeter.samplers.SampleResult: sampleresult.nanoThreadSleep=5000 
2016/07/01 09:26:35 INFO  - jmeter.threads.JMeterThread: Thread started: Thread Group 1-2 
2016/07/01 09:26:36 INFO  - jmeter.threads.JMeterThread: Thread started: Thread Group 1-3 
2016/07/01 09:26:36 INFO  - jmeter.threads.JMeterThread: Thread finished: Thread Group 1-2 
2016/07/01 09:26:36 INFO  - jmeter.threads.JMeterThread: Thread finished: Thread Group 1-3 
2016/07/01 09:26:36 INFO  - jmeter.engine.StandardJMeterEngine: Ending thread Thread Group 1-2 
2016/07/01 09:26:36 INFO  - jmeter.engine.StandardJMeterEngine: Ending thread Thread Group 1-3 
2016/07/01 09:26:36 INFO  - jmeter.threads.JMeterThread: Thread started: Thread Group 1-4 
2016/07/01 09:26:37 INFO  - jmeter.threads.JMeterThread: Thread finished: Thread Group 1-1 
2016/07/01 09:26:37 INFO  - jmeter.engine.StandardJMeterEngine: Ending thread Thread Group 1-1 
2016/07/01 09:26:37 INFO  - jmeter.threads.JMeterThread: Thread finished: Thread Group 1-4 
2016/07/01 09:26:37 INFO  - jmeter.engine.StandardJMeterEngine: Ending thread Thread Group 1-4 
2016/07/01 09:26:37 INFO  - jmeter.threads.JMeterThread: Thread started: Thread Group 1-5 
2016/07/01 09:26:37 INFO  - jmeter.threads.JMeterThread: Thread finished: Thread Group 1-5 
2016/07/01 09:26:37 INFO  - jmeter.engine.StandardJMeterEngine: Ending thread Thread Group 1-5 
2016/07/01 09:26:37 INFO  - jmeter.threads.JMeterThread: Thread started: Thread Group 1-6 
2016/07/01 09:26:38 INFO  - jmeter.threads.JMeterThread: Thread finished: Thread Group 1-6 
2016/07/01 09:26:38 INFO  - jmeter.engine.StandardJMeterEngine: Ending thread Thread Group 1-6 
2016/07/01 09:26:38 INFO  - jmeter.threads.JMeterThread: Thread started: Thread Group 1-7 
2016/07/01 09:26:38 INFO  - jmeter.threads.JMeterThread: Thread finished: Thread Group 1-7 
2016/07/01 09:26:38 INFO  - jmeter.engine.StandardJMeterEngine: Ending thread Thread Group 1-7 
2016/07/01 09:26:38 INFO  - jmeter.threads.JMeterThread: Thread started: Thread Group 1-8 
2016/07/01 09:26:39 INFO  - jmeter.threads.JMeterThread: Thread finished: Thread Group 1-8 
2016/07/01 09:26:39 INFO  - jmeter.engine.StandardJMeterEngine: Ending thread Thread Group 1-8 
2016/07/01 09:26:39 INFO  - jmeter.threads.JMeterThread: Thread started: Thread Group 1-9 
2016/07/01 09:26:39 INFO  - jmeter.threads.JMeterThread: Thread finished: Thread Group 1-9 
2016/07/01 09:26:39 INFO  - jmeter.engine.StandardJMeterEngine: Ending thread Thread Group 1-9 
2016/07/01 09:26:39 INFO  - jmeter.threads.JMeterThread: Thread started: Thread Group 1-10 
2016/07/01 09:26:40 INFO  - jmeter.threads.JMeterThread: Thread finished: Thread Group 1-10 
2016/07/01 09:26:40 INFO  - jmeter.engine.StandardJMeterEngine: Ending thread Thread Group 1-10 
2016/07/01 09:26:40 INFO  - jmeter.threads.JMeterThread: Thread started: Thread Group 1-11 
2016/07/01 09:26:40 INFO  - jmeter.threads.JMeterThread: Thread finished: Thread Group 1-11 
2016/07/01 09:26:40 INFO  - jmeter.engine.StandardJMeterEngine: Ending thread Thread Group 1-11 
2016/07/01 09:26:40 INFO  - jmeter.threads.JMeterThread: Thread started: Thread Group 1-12 
2016/07/01 09:26:41 INFO  - jmeter.threads.JMeterThread: Thread finished: Thread Group 1-12 
2016/07/01 09:26:41 INFO  - jmeter.engine.StandardJMeterEngine: Ending thread Thread Group 1-12 
2016/07/01 09:26:41 INFO  - jmeter.threads.JMeterThread: Thread started: Thread Group 1-13 
2016/07/01 09:26:41 INFO  - jmeter.threads.JMeterThread: Thread finished: Thread Group 1-13 
2016/07/01 09:26:41 INFO  - jmeter.engine.StandardJMeterEngine: Ending thread Thread Group 1-13 
2016/07/01 09:26:41 INFO  - jmeter.threads.JMeterThread: Thread started: Thread Group 1-14 
2016/07/01 09:26:42 INFO  - jmeter.threads.JMeterThread: Thread finished: Thread Group 1-14 
2016/07/01 09:26:42 INFO  - jmeter.engine.StandardJMeterEngine: Ending thread Thread Group 1-14 
2016/07/01 09:26:42 INFO  - jmeter.threads.JMeterThread: Thread started: Thread Group 1-15 
2016/07/01 09:26:42 INFO  - jmeter.threads.JMeterThread: Thread finished: Thread Group 1-15 
2016/07/01 09:26:42 INFO  - jmeter.engine.StandardJMeterEngine: Ending thread Thread Group 1-15 
2016/07/01 09:26:42 INFO  - jmeter.threads.JMeterThread: Thread started: Thread Group 1-16 
2016/07/01 09:26:43 INFO  - jmeter.threads.JMeterThread: Thread finished: Thread Group 1-16 
2016/07/01 09:26:43 INFO  - jmeter.engine.StandardJMeterEngine: Ending thread Thread Group 1-16 
2016/07/01 09:26:43 INFO  - jmeter.threads.JMeterThread: Thread started: Thread Group 1-17 
2016/07/01 09:26:43 INFO  - jmeter.threads.JMeterThread: Thread finished: Thread Group 1-17 
2016/07/01 09:26:43 INFO  - jmeter.engine.StandardJMeterEngine: Ending thread Thread Group 1-17 
2016/07/01 09:26:43 INFO  - jmeter.threads.JMeterThread: Thread started: Thread Group 1-18 
2016/07/01 09:26:44 INFO  - jmeter.threads.JMeterThread: Thread finished: Thread Group 1-18 
2016/07/01 09:26:44 INFO  - jmeter.engine.StandardJMeterEngine: Ending thread Thread Group 1-18 
2016/07/01 09:26:44 INFO  - jmeter.threads.JMeterThread: Thread started: Thread Group 1-19 
2016/07/01 09:26:44 INFO  - jmeter.threads.JMeterThread: Thread finished: Thread Group 1-19 
2016/07/01 09:26:44 INFO  - jmeter.engine.StandardJMeterEngine: Ending thread Thread Group 1-19 
2016/07/01 09:26:44 INFO  - jmeter.threads.JMeterThread: Thread started: Thread Group 1-20 
2016/07/01 09:26:45 INFO  - jmeter.threads.JMeterThread: Thread finished: Thread Group 1-20 
2016/07/01 09:26:45 INFO  - jmeter.engine.StandardJMeterEngine: Ending thread Thread Group 1-20 
2016/07/01 09:26:45 INFO  - jmeter.engine.StandardJMeterEngine: Notifying test listeners of end of test 
2016/07/01 09:26:45 INFO  - jmeter.engine.StandardJMeterEngine: Test has ended on host null 
